/*C4*/SET SCHEMA PUBLIC
DISCONNECT
/*C5*/SET SCHEMA PUBLIC
DELETE FROM POST WHERE POST_ID='EVE001'
DELETE FROM POST WHERE POST_ID='EVE002'
DELETE FROM POST WHERE POST_ID='EVE003'
DELETE FROM POST WHERE POST_ID='EVE004'
DELETE FROM POST WHERE POST_ID='EVE005'
DELETE FROM POST WHERE POST_ID='JOB001'
DELETE FROM POST WHERE POST_ID='JOB002'
DELETE FROM POST WHERE POST_ID='JOB003'
DELETE FROM POST WHERE POST_ID='JOB004'
DELETE FROM POST WHERE POST_ID='SAL001'
DELETE FROM POST WHERE POST_ID='SAL002'
DELETE FROM POST WHERE POST_ID='SAL003'
DELETE FROM POST WHERE POST_ID='SAL004'
COMMIT
DELETE FROM REPLY WHERE POST_ID='EVE001' AND AMOUNT=0.0E0 AND RESPONDER_ID='s2'
DELETE FROM REPLY WHERE POST_ID='EVE001' AND AMOUNT=0.0E0 AND RESPONDER_ID='s3'
DELETE FROM REPLY WHERE POST_ID='EVE002' AND AMOUNT=0.0E0 AND RESPONDER_ID='s2'
DELETE FROM REPLY WHERE POST_ID='EVE002' AND AMOUNT=0.0E0 AND RESPONDER_ID='s3'
DELETE FROM REPLY WHERE POST_ID='EVE003' AND AMOUNT=0.0E0 AND RESPONDER_ID='s2'
DELETE FROM REPLY WHERE POST_ID='EVE003' AND AMOUNT=0.0E0 AND RESPONDER_ID='s3'
DELETE FROM REPLY WHERE POST_ID='EVE004' AND AMOUNT=0.0E0 AND RESPONDER_ID='s2'
DELETE FROM REPLY WHERE POST_ID='EVE004' AND AMOUNT=0.0E0 AND RESPONDER_ID='s3'
DELETE FROM REPLY WHERE POST_ID='JOB001' AND AMOUNT=100.0E0 AND RESPONDER_ID='s1'
DELETE FROM REPLY WHERE POST_ID='JOB001' AND AMOUNT=80.0E0 AND RESPONDER_ID='s3'
DELETE FROM REPLY WHERE POST_ID='JOB002' AND AMOUNT=15.0E0 AND RESPONDER_ID='s1'
DELETE FROM REPLY WHERE POST_ID='JOB002' AND AMOUNT=14.0E0 AND RESPONDER_ID='s3'
DELETE FROM REPLY WHERE POST_ID='JOB003' AND AMOUNT=100.0E0 AND RESPONDER_ID='s1'
DELETE FROM REPLY WHERE POST_ID='JOB003' AND AMOUNT=80.0E0 AND RESPONDER_ID='s3'
DELETE FROM REPLY WHERE POST_ID='JOB004' AND AMOUNT=15.0E0 AND RESPONDER_ID='s1'
DELETE FROM REPLY WHERE POST_ID='JOB004' AND AMOUNT=14.0E0 AND RESPONDER_ID='s3'
DELETE FROM REPLY WHERE POST_ID='SAL001' AND AMOUNT=110.0E0 AND RESPONDER_ID='s1'
DELETE FROM REPLY WHERE POST_ID='SAL001' AND AMOUNT=220.0E0 AND RESPONDER_ID='s3'
DELETE FROM REPLY WHERE POST_ID='SAL002' AND AMOUNT=250.0E0 AND RESPONDER_ID='s1'
DELETE FROM REPLY WHERE POST_ID='SAL002' AND AMOUNT=450.0E0 AND RESPONDER_ID='s3'
DELETE FROM REPLY WHERE POST_ID='SAL003' AND AMOUNT=110.0E0 AND RESPONDER_ID='s1'
DELETE FROM REPLY WHERE POST_ID='SAL003' AND AMOUNT=220.0E0 AND RESPONDER_ID='s3'
DELETE FROM REPLY WHERE POST_ID='SAL004' AND AMOUNT=250.0E0 AND RESPONDER_ID='s1'
DELETE FROM REPLY WHERE POST_ID='SAL004' AND AMOUNT=450.0E0 AND RESPONDER_ID='s3'
COMMIT
INSERT INTO POST VALUES('EVE001','Dance party','All students can come to this party','s1','CLOSED','EVE001','RMIT Palace','2020-05-20 00:00:00.000000',5,NULL,NULL,NULL)
COMMIT
INSERT INTO REPLY VALUES('EVE001',0.0E0,'s2')
COMMIT
INSERT INTO REPLY VALUES('EVE001',0.0E0,'s3')
COMMIT
INSERT INTO POST VALUES('EVE002','Night show','This is the event that is organised every year','s1','OPEN','EVE002','Bandora campus','2020-05-21 00:00:00.000000',3,NULL,NULL,NULL)
COMMIT
INSERT INTO REPLY VALUES('EVE002',0.0E0,'s2')
COMMIT
INSERT INTO REPLY VALUES('EVE002',0.0E0,'s3')
COMMIT
INSERT INTO POST VALUES('EVE003','Dance party','All students can come to this party','s1','CLOSED','noimage','RMIT Palace','2020-05-20 00:00:00.000000',5,NULL,NULL,NULL)
COMMIT
INSERT INTO REPLY VALUES('EVE003',0.0E0,'s2')
COMMIT
INSERT INTO REPLY VALUES('EVE003',0.0E0,'s3')
COMMIT
INSERT INTO POST VALUES('EVE004','Night show','This is the event that is organised every year','s1','OPEN','noimage','Bandora campus','2020-05-21 00:00:00.000000',3,NULL,NULL,NULL)
COMMIT
INSERT INTO REPLY VALUES('EVE004',0.0E0,'s2')
COMMIT
INSERT INTO REPLY VALUES('EVE004',0.0E0,'s3')
COMMIT
INSERT INTO POST VALUES('EVE005','vvzvdfv','vxv','s2','OPEN','noimage','dsfdsf','2020-06-10 00:00:00.000000',8,NULL,NULL,NULL)
COMMIT
INSERT INTO POST VALUES('JOB001','Typing','5000 hundred words within 2 weeks','s2','OPEN','JOB001',NULL,NULL,NULL,NULL,NULL,300.0E0)
COMMIT
INSERT INTO REPLY VALUES('JOB001',100.0E0,'s1')
COMMIT
INSERT INTO REPLY VALUES('JOB001',80.0E0,'s3')
COMMIT
INSERT INTO POST VALUES('JOB002','Marketing','Deliver the brochure','s2','OPEN','JOB002',NULL,NULL,NULL,NULL,NULL,30.0E0)
COMMIT
INSERT INTO REPLY VALUES('JOB002',15.0E0,'s1')
COMMIT
INSERT INTO REPLY VALUES('JOB002',14.0E0,'s3')
COMMIT
INSERT INTO POST VALUES('JOB003','Typing','5000 hundred words within 2 weeks','s2','OPEN','noimage',NULL,NULL,NULL,NULL,NULL,300.0E0)
COMMIT
INSERT INTO REPLY VALUES('JOB003',100.0E0,'s1')
COMMIT
INSERT INTO REPLY VALUES('JOB003',80.0E0,'s3')
COMMIT
INSERT INTO POST VALUES('JOB004','Marketing','Deliver the brochure','s2','OPEN','noimage',NULL,NULL,NULL,NULL,NULL,30.0E0)
COMMIT
INSERT INTO REPLY VALUES('JOB004',15.0E0,'s1')
COMMIT
INSERT INTO REPLY VALUES('JOB004',14.0E0,'s3')
COMMIT
INSERT INTO POST VALUES('SAL001','Brand new sofa','This is suitable for students','s2','OPEN','SAL001',NULL,NULL,NULL,500.0E0,100,NULL)
COMMIT
INSERT INTO REPLY VALUES('SAL001',110.0E0,'s1')
COMMIT
INSERT INTO REPLY VALUES('SAL001',220.0E0,'s3')
COMMIT
INSERT INTO POST VALUES('SAL002','Furniture','All furnitures sale','s2','OPEN','SAL002',NULL,NULL,NULL,1000.0E0,200,NULL)
COMMIT
INSERT INTO REPLY VALUES('SAL002',250.0E0,'s1')
COMMIT
INSERT INTO REPLY VALUES('SAL002',450.0E0,'s3')
COMMIT
INSERT INTO POST VALUES('SAL003','Brand new sofa','This is suitable for students','s2','OPEN','noimage',NULL,NULL,NULL,500.0E0,100,NULL)
COMMIT
INSERT INTO REPLY VALUES('SAL003',110.0E0,'s1')
COMMIT
INSERT INTO REPLY VALUES('SAL003',220.0E0,'s3')
COMMIT
INSERT INTO POST VALUES('SAL004','Furniture','All furnitures sale','s2','OPEN','noimage',NULL,NULL,NULL,1000.0E0,200,NULL)
COMMIT
INSERT INTO REPLY VALUES('SAL004',250.0E0,'s1')
COMMIT
INSERT INTO REPLY VALUES('SAL004',450.0E0,'s3')
COMMIT
DISCONNECT
